# JRE version: Java(TM) SE Runtime Environment (8.0_112-b15) (build 1.8.0_112-b15)
# Java VM: Java HotSpot(TM) 64-Bit Server VM (25.112-b15 mixed mode windows-amd64 compressed oops)
Heap:
 PSYoungGen      total 101888K, used 29210K [0x00000000e1100000, 0x00000000e7800000, 0x0000000100000000)
  eden space 98304K, 26% used [0x00000000e1100000,0x00000000e2a0ab08,0x00000000e7100000)
  from space 3584K, 99% used [0x00000000e7480000,0x00000000e77fc010,0x00000000e7800000)
  to   space 3584K, 0% used [0x00000000e7100000,0x00000000e7100000,0x00000000e7480000)
 ParOldGen       total 64512K, used 13434K [0x00000000a3200000, 0x00000000a7100000, 0x00000000e1100000)
  object space 64512K, 20% used [0x00000000a3200000,0x00000000a3f1e880,0x00000000a7100000)
 Metaspace       used 19902K, capacity 20324K, committed 20736K, reserved 1067008K
  class space    used 2822K, capacity 2974K, committed 3072K, reserved 1048576K
GC Heap History (8 events):
Event: 8.309 GC heap before
{Heap before GC invocations=1 (full 0):
 PSYoungGen      total 28160K, used 24576K [0x00000000e1100000, 0x00000000e3000000, 0x0000000100000000)
  eden space 24576K, 100% used [0x00000000e1100000,0x00000000e2900000,0x00000000e2900000)
  from space 3584K, 0% used [0x00000000e2c80000,0x00000000e2c80000,0x00000000e3000000)
  to   space 3584K, 0% used [0x00000000e2900000,0x00000000e2900000,0x00000000e2c80000)
 ParOldGen       total 64512K, used 0K [0x00000000a3200000, 0x00000000a7100000, 0x00000000e1100000)
  object space 64512K, 0% used [0x00000000a3200000,0x00000000a3200000,0x00000000a7100000)
 Metaspace       used 10629K, capacity 11052K, committed 11264K, reserved 1058816K
  class space    used 1330K, capacity 1480K, committed 1536K, reserved 1048576K
Event: 8.544 GC heap after
Heap after GC invocations=1 (full 0):
 PSYoungGen      total 28160K, used 3571K [0x00000000e1100000, 0x00000000e4800000, 0x0000000100000000)
  eden space 24576K, 0% used [0x00000000e1100000,0x00000000e1100000,0x00000000e2900000)
  from space 3584K, 99% used [0x00000000e2900000,0x00000000e2c7cf00,0x00000000e2c80000)
  to   space 3584K, 0% used [0x00000000e4480000,0x00000000e4480000,0x00000000e4800000)
 ParOldGen       total 64512K, used 1866K [0x00000000a3200000, 0x00000000a7100000, 0x00000000e1100000)
  object space 64512K, 2% used [0x00000000a3200000,0x00000000a33d2ab8,0x00000000a7100000)
 Metaspace       used 10629K, capacity 11052K, committed 11264K, reserved 1058816K
  class space    used 1330K, capacity 1480K, committed 1536K, reserved 1048576K
}
Event: 10.142 GC heap before
{Heap before GC invocations=2 (full 0):
 PSYoungGen      total 28160K, used 28147K [0x00000000e1100000, 0x00000000e4800000, 0x0000000100000000)
  eden space 24576K, 100% used [0x00000000e1100000,0x00000000e2900000,0x00000000e2900000)
  from space 3584K, 99% used [0x00000000e2900000,0x00000000e2c7cf00,0x00000000e2c80000)
  to   space 3584K, 0% used [0x00000000e4480000,0x00000000e4480000,0x00000000e4800000)
 ParOldGen       total 64512K, used 1866K [0x00000000a3200000, 0x00000000a7100000, 0x00000000e1100000)
  object space 64512K, 2% used [0x00000000a3200000,0x00000000a33d2ab8,0x00000000a7100000)
 Metaspace       used 13215K, capacity 13606K, committed 13696K, reserved 1060864K
  class space    used 1782K, capacity 1901K, committed 1920K, reserved 1048576K
Event: 10.269 GC heap after
Heap after GC invocations=2 (full 0):
 PSYoungGen      total 52736K, used 3557K [0x00000000e1100000, 0x00000000e4800000, 0x0000000100000000)
  eden space 49152K, 0% used [0x00000000e1100000,0x00000000e1100000,0x00000000e4100000)
  from space 3584K, 99% used [0x00000000e4480000,0x00000000e47f94a0,0x00000000e4800000)
  to   space 3584K, 0% used [0x00000000e4100000,0x00000000e4100000,0x00000000e4480000)
 ParOldGen       total 64512K, used 3205K [0x00000000a3200000, 0x00000000a7100000, 0x00000000e1100000)
  object space 64512K, 4% used [0x00000000a3200000,0x00000000a35216e0,0x00000000a7100000)
 Metaspace       used 13215K, capacity 13606K, committed 13696K, reserved 1060864K
  class space    used 1782K, capacity 1901K, committed 1920K, reserved 1048576K
}
Event: 14.324 GC heap before
{Heap before GC invocations=3 (full 0):
 PSYoungGen      total 52736K, used 52709K [0x00000000e1100000, 0x00000000e4800000, 0x0000000100000000)
  eden space 49152K, 100% used [0x00000000e1100000,0x00000000e4100000,0x00000000e4100000)
  from space 3584K, 99% used [0x00000000e4480000,0x00000000e47f94a0,0x00000000e4800000)
  to   space 3584K, 0% used [0x00000000e4100000,0x00000000e4100000,0x00000000e4480000)
 ParOldGen       total 64512K, used 3205K [0x00000000a3200000, 0x00000000a7100000, 0x00000000e1100000)
  object space 64512K, 4% used [0x00000000a3200000,0x00000000a35216e0,0x00000000a7100000)
 Metaspace       used 16968K, capacity 17322K, committed 17664K, reserved 1064960K
  class space    used 2336K, capacity 2451K, committed 2560K, reserved 1048576K
Event: 14.574 GC heap after
Heap after GC invocations=3 (full 0):
 PSYoungGen      total 52736K, used 3568K [0x00000000e1100000, 0x00000000e7800000, 0x0000000100000000)
  eden space 49152K, 0% used [0x00000000e1100000,0x00000000e1100000,0x00000000e4100000)
  from space 3584K, 99% used [0x00000000e4100000,0x00000000e447c010,0x00000000e4480000)
  to   space 3584K, 0% used [0x00000000e7480000,0x00000000e7480000,0x00000000e7800000)
 ParOldGen       total 64512K, used 8257K [0x00000000a3200000, 0x00000000a7100000, 0x00000000e1100000)
  object space 64512K, 12% used [0x00000000a3200000,0x00000000a3a105a0,0x00000000a7100000)
 Metaspace       used 16968K, capacity 17322K, committed 17664K, reserved 1064960K
  class space    used 2336K, capacity 2451K, committed 2560K, reserved 1048576K
}
Event: 17.832 GC heap before
{Heap before GC invocations=4 (full 0):
 PSYoungGen      total 52736K, used 52720K [0x00000000e1100000, 0x00000000e7800000, 0x0000000100000000)
  eden space 49152K, 100% used [0x00000000e1100000,0x00000000e4100000,0x00000000e4100000)
  from space 3584K, 99% used [0x00000000e4100000,0x00000000e447c010,0x00000000e4480000)
  to   space 3584K, 0% used [0x00000000e7480000,0x00000000e7480000,0x00000000e7800000)
 ParOldGen       total 64512K, used 8257K [0x00000000a3200000, 0x00000000a7100000, 0x00000000e1100000)
  object space 64512K, 12% used [0x00000000a3200000,0x00000000a3a105a0,0x00000000a7100000)
 Metaspace       used 19872K, capacity 20324K, committed 20736K, reserved 1067008K
  class space    used 2822K, capacity 2974K, committed 3072K, reserved 1048576K
Event: 18.048 GC heap after
Heap after GC invocations=4 (full 0):
 PSYoungGen      total 101888K, used 3568K [0x00000000e1100000, 0x00000000e7800000, 0x0000000100000000)
  eden space 98304K, 0% used [0x00000000e1100000,0x00000000e1100000,0x00000000e7100000)
  from space 3584K, 99% used [0x00000000e7480000,0x00000000e77fc010,0x00000000e7800000)
  to   space 3584K, 0% used [0x00000000e7100000,0x00000000e7100000,0x00000000e7480000)
 ParOldGen       total 64512K, used 13434K [0x00000000a3200000, 0x00000000a7100000, 0x00000000e1100000)
  object space 64512K, 20% used [0x00000000a3200000,0x00000000a3f1e880,0x00000000a7100000)
 Metaspace       used 19872K, capacity 20324K, committed 20736K, reserved 1067008K
  class space    used 2822K, capacity 2974K, committed 3072K, reserved 1048576K
}

